This is pdfTeX, Version 3.14159265-2.6-1.40.17 (TeX Live 2016) (preloaded format=pdflatex 2016.5.22)  28 NOV 2016 11:33
entering extended mode
 restricted \write18 enabled.
 %&-line parsing enabled.
**02-data.tex
(./02-data.tex
LaTeX2e <2016/03/31>
Babel <3.9r> and hyphenation patterns for 83 language(s) loaded.
(/usr/local/texlive/2016/texmf-dist/tex/latex/base/article.cls
Document Class: article 2014/09/29 v1.4h Standard LaTeX document class
(/usr/local/texlive/2016/texmf-dist/tex/latex/base/size10.clo
File: size10.clo 2014/09/29 v1.4h Standard LaTeX file (size option)
)
\c@part=\count79
\c@section=\count80
\c@subsection=\count81
\c@subsubsection=\count82
\c@paragraph=\count83
\c@subparagraph=\count84
\c@figure=\count85
\c@table=\count86
\abovecaptionskip=\skip41
\belowcaptionskip=\skip42
\bibindent=\dimen102
)
(/usr/local/texlive/2016/texmf-dist/tex/latex/graphics/graphicx.sty
Package: graphicx 2014/10/28 v1.0g Enhanced LaTeX Graphics (DPC,SPQR)

(/usr/local/texlive/2016/texmf-dist/tex/latex/graphics/keyval.sty
Package: keyval 2014/10/28 v1.15 key=value parser (DPC)
\KV@toks@=\toks14
)
(/usr/local/texlive/2016/texmf-dist/tex/latex/graphics/graphics.sty
Package: graphics 2016/05/09 v1.0r Standard LaTeX Graphics (DPC,SPQR)

(/usr/local/texlive/2016/texmf-dist/tex/latex/graphics/trig.sty
Package: trig 2016/01/03 v1.10 sin cos tan (DPC)
)
(/usr/local/texlive/2016/texmf-dist/tex/latex/graphics-cfg/graphics.cfg
File: graphics.cfg 2016/01/02 v1.10 sample graphics configuration
)
Package graphics Info: Driver file: pdftex.def on input line 96.

(/usr/local/texlive/2016/texmf-dist/tex/latex/pdftex-def/pdftex.def
File: pdftex.def 2011/05/27 v0.06d Graphics/color for pdfTeX

(/usr/local/texlive/2016/texmf-dist/tex/generic/oberdiek/infwarerr.sty
Package: infwarerr 2016/05/16 v1.4 Providing info/warning/error messages (HO)
)
(/usr/local/texlive/2016/texmf-dist/tex/generic/oberdiek/ltxcmds.sty
Package: ltxcmds 2016/05/16 v1.23 LaTeX kernel commands for general use (HO)
)
\Gread@gobject=\count87
))
\Gin@req@height=\dimen103
\Gin@req@width=\dimen104
)
(/usr/local/texlive/2016/texmf-dist/tex/latex/graphics/color.sty
Package: color 2016/05/09 v1.1c Standard LaTeX Color (DPC)

(/usr/local/texlive/2016/texmf-dist/tex/latex/graphics-cfg/color.cfg
File: color.cfg 2016/01/02 v1.6 sample color configuration
)
Package color Info: Driver file: pdftex.def on input line 144.
)
(/usr/local/texlive/2016/texmf-dist/tex/latex/framed/framed.sty
Package: framed 2011/10/22 v 0.96: framed or shaded text with page breaks
\OuterFrameSep=\skip43
\fb@frw=\dimen105
\fb@frh=\dimen106
\FrameRule=\dimen107
\FrameSep=\dimen108
)
(/usr/local/texlive/2016/texmf-dist/tex/latex/base/alltt.sty
Package: alltt 1997/06/16 v2.0g defines alltt environment
)
(/usr/local/texlive/2016/texmf-dist/tex/latex/upquote/upquote.sty
Package: upquote 2012/04/19 v1.3 upright-quote and grave-accent glyphs in verba
tim
)
(./02-data.aux)
\openout1 = `02-data.aux'.

LaTeX Font Info:    Checking defaults for OML/cmm/m/it on input line 56.
LaTeX Font Info:    ... okay on input line 56.
LaTeX Font Info:    Checking defaults for T1/cmr/m/n on input line 56.
LaTeX Font Info:    ... okay on input line 56.
LaTeX Font Info:    Checking defaults for OT1/cmr/m/n on input line 56.
LaTeX Font Info:    ... okay on input line 56.
LaTeX Font Info:    Checking defaults for OMS/cmsy/m/n on input line 56.
LaTeX Font Info:    ... okay on input line 56.
LaTeX Font Info:    Checking defaults for OMX/cmex/m/n on input line 56.
LaTeX Font Info:    ... okay on input line 56.
LaTeX Font Info:    Checking defaults for U/cmr/m/n on input line 56.
LaTeX Font Info:    ... okay on input line 56.

(/usr/local/texlive/2016/texmf-dist/tex/context/base/mkii/supp-pdf.mkii
[Loading MPS to PDF converter (version 2006.09.02).]
\scratchcounter=\count88
\scratchdimen=\dimen109
\scratchbox=\box26
\nofMPsegments=\count89
\nofMParguments=\count90
\everyMPshowfont=\toks15
\MPscratchCnt=\count91
\MPscratchDim=\dimen110
\MPnumerator=\count92
\makeMPintoPDFobject=\count93
\everyMPtoPDFconversion=\toks16
) (/usr/local/texlive/2016/texmf-dist/tex/generic/oberdiek/pdftexcmds.sty
Package: pdftexcmds 2016/05/10 v0.21 Utility functions of pdfTeX for LuaTeX (HO
)

(/usr/local/texlive/2016/texmf-dist/tex/generic/oberdiek/ifluatex.sty
Package: ifluatex 2016/05/16 v1.4 Provides the ifluatex switch (HO)
Package ifluatex Info: LuaTeX not detected.
)
(/usr/local/texlive/2016/texmf-dist/tex/generic/oberdiek/ifpdf.sty
Package: ifpdf 2016/05/14 v3.1 Provides the ifpdf switch
)
Package pdftexcmds Info: LuaTeX not detected.
Package pdftexcmds Info: \pdf@primitive is available.
Package pdftexcmds Info: \pdf@ifprimitive is available.
Package pdftexcmds Info: \pdfdraftmode found.
)
(/usr/local/texlive/2016/texmf-dist/tex/latex/oberdiek/epstopdf-base.sty
Package: epstopdf-base 2016/05/15 v2.6 Base part for package epstopdf

(/usr/local/texlive/2016/texmf-dist/tex/latex/oberdiek/grfext.sty
Package: grfext 2016/05/16 v1.2 Manage graphics extensions (HO)

(/usr/local/texlive/2016/texmf-dist/tex/generic/oberdiek/kvdefinekeys.sty
Package: kvdefinekeys 2016/05/16 v1.4 Define keys (HO)
))
(/usr/local/texlive/2016/texmf-dist/tex/latex/oberdiek/kvoptions.sty
Package: kvoptions 2016/05/16 v3.12 Key value format for package options (HO)

(/usr/local/texlive/2016/texmf-dist/tex/generic/oberdiek/kvsetkeys.sty
Package: kvsetkeys 2016/05/16 v1.17 Key value parser (HO)

(/usr/local/texlive/2016/texmf-dist/tex/generic/oberdiek/etexcmds.sty
Package: etexcmds 2016/05/16 v1.6 Avoid name clashes with e-TeX commands (HO)
Package etexcmds Info: Could not find \expanded.
(etexcmds)             That can mean that you are not using pdfTeX 1.50 or
(etexcmds)             that some package has redefined \expanded.
(etexcmds)             In the latter case, load this package earlier.
)))
Package grfext Info: Graphics extension search list:
(grfext)             [.png,.pdf,.jpg,.mps,.jpeg,.jbig2,.jb2,.PNG,.PDF,.JPG,.JPE
G,.JBIG2,.JB2,.eps]
(grfext)             \AppendGraphicsExtensions on input line 456.

(/usr/local/texlive/2016/texmf-dist/tex/latex/latexconfig/epstopdf-sys.cfg
File: epstopdf-sys.cfg 2010/07/13 v1.3 Configuration of (r)epstopdf for TeX Liv
e
))
LaTeX Font Info:    External font `cmex10' loaded for size
(Font)              <12> on input line 57.
LaTeX Font Info:    External font `cmex10' loaded for size
(Font)              <8> on input line 57.
LaTeX Font Info:    External font `cmex10' loaded for size
(Font)              <6> on input line 57.

Overfull \hbox (31.54706pt too wide) in paragraph at lines 64--65
\OT1/cmr/m/n/10 goals". The link to the data can be found [here](https://colleg
escorecard.ed.gov/data/).
 []

LaTeX Font Info:    External font `cmex10' loaded for size
(Font)              <7> on input line 79.
LaTeX Font Info:    External font `cmex10' loaded for size
(Font)              <5> on input line 79.

Overfull \hbox (91.30638pt too wide) in paragraph at lines 79--86
 [][] 
 []

[1

{/usr/local/texlive/2016/texmf-var/fonts/map/pdftex/updmap/pdftex.map}]
Package color Info: Redefining color shadecolor on input line 97.

<../../images/ggplot-schoolDistribution.png, id=10, 481.8pt x 481.8pt>
File: ../../images/ggplot-schoolDistribution.png Graphic file (type png)

<use ../../images/ggplot-schoolDistribution.png>
Package pdftex.def Info: ../../images/ggplot-schoolDistribution.png used on inp
ut line 99.
(pdftex.def)             Requested size: 301.1261pt x 301.1316pt.
Package color Info: Redefining color shadecolor on input line 112.

<../../images/ggplot-admissionRateDistribution.png, id=12, 481.8pt x 481.8pt>
File: ../../images/ggplot-admissionRateDistribution.png Graphic file (type png)


<use ../../images/ggplot-admissionRateDistribution.png>
Package pdftex.def Info: ../../images/ggplot-admissionRateDistribution.png used
 on input line 114.
(pdftex.def)             Requested size: 301.1261pt x 301.1316pt.
 [2 <../../images/ggplot-schoolDistribution.png>] [3 <../../images/ggplot-admis
sionRateDistribution.png>]
Package color Info: Redefining color shadecolor on input line 202.
 <../../images/piechart-enrollmentEthnicity.png, id=22, 481.8pt x 481.8pt>
File: ../../images/piechart-enrollmentEthnicity.png Graphic file (type png)

<use ../../images/piechart-enrollmentEthnicity.png>
Package pdftex.def Info: ../../images/piechart-enrollmentEthnicity.png used on 
input line 204.
(pdftex.def)             Requested size: 250.93842pt x 250.93442pt.

Overfull \hbox (126.55676pt too wide) in paragraph at lines 219--227
 [][] 
 []

<../../images/histogram-SATCRMedian.png, id=23, 481.8pt x 481.8pt> [4 <../../im
ages/piechart-enrollmentEthnicity.png>]
File: ../../images/histogram-SATCRMedian.png Graphic file (type png)

<use ../../images/histogram-SATCRMedian.png>
Package pdftex.def Info: ../../images/histogram-SATCRMedian.png used on input l
ine 240.
(pdftex.def)             Requested size: 150.56305pt x 150.56212pt.

Overfull \hbox (24.72311pt too wide) in paragraph at lines 247--254
 [][] 
 []

<../../images/histogram-SATMTMedian.png, id=28, 481.8pt x 481.8pt>
File: ../../images/histogram-SATMTMedian.png Graphic file (type png)

<use ../../images/histogram-SATMTMedian.png>
Package pdftex.def Info: ../../images/histogram-SATMTMedian.png used on input l
ine 262.
(pdftex.def)             Requested size: 150.56305pt x 150.56212pt.

Overfull \hbox (24.72311pt too wide) in paragraph at lines 269--276
 [][] 
 []

[5 <../../images/histogram-SATCRMedian.png> <../../images/histogram-SATMTMedian
.png>] <../../images/histogram-ACTENMedian.png, id=34, 481.8pt x 481.8pt>
File: ../../images/histogram-ACTENMedian.png Graphic file (type png)

<use ../../images/histogram-ACTENMedian.png>
Package pdftex.def Info: ../../images/histogram-ACTENMedian.png used on input l
ine 286.
(pdftex.def)             Requested size: 150.56305pt x 150.56212pt.

<../../images/histogram-ACTMTMedian.png, id=35, 481.8pt x 481.8pt>
File: ../../images/histogram-ACTMTMedian.png Graphic file (type png)

<use ../../images/histogram-ACTMTMedian.png>
Package pdftex.def Info: ../../images/histogram-ACTMTMedian.png used on input l
ine 308.
(pdftex.def)             Requested size: 150.56305pt x 150.56212pt.
 [6 <../../images/histogram-ACTENMedian.png> <../../images/histogram-ACTMTMedia
n.png>] [7] [8] (./02-data.aux) ) 
Here is how much of TeX's memory you used:
 1665 strings out of 493014
 25098 string characters out of 6133351
 87678 words of memory out of 5000000
 5193 multiletter control sequences out of 15000+600000
 7895 words of font info for 28 fonts, out of 8000000 for 9000
 1141 hyphenation exceptions out of 8191
 38i,9n,23p,631b,229s stack positions out of 5000i,500n,10000p,200000b,80000s
</usr/local/texlive/2016/texmf-dist/fonts/type
1/public/amsfonts/cm/cmbx10.pfb></usr/local/texlive/2016/texmf-dist/fonts/type1
/public/amsfonts/cm/cmbx12.pfb></usr/local/texlive/2016/texmf-dist/fonts/type1/
public/amsfonts/cm/cmr10.pfb></usr/local/texlive/2016/texmf-dist/fonts/type1/pu
blic/amsfonts/cm/cmr12.pfb></usr/local/texlive/2016/texmf-dist/fonts/type1/publ
ic/amsfonts/cm/cmr17.pfb>
Output written on 02-data.pdf (8 pages, 262407 bytes).
PDF statistics:
 66 PDF objects out of 1000 (max. 8388607)
 36 compressed objects within 1 object stream
 0 named destinations out of 1000 (max. 500000)
 36 words of extra memory for PDF output out of 10000 (max. 10000000)

